<?xml version="1.0" encoding="UTF-8"?>
<testsuite name="edu.jsu.mcis.ConverterTest" tests="4" skipped="0" failures="0" errors="0" timestamp="2017-10-04T01:24:31" hostname="DESKTOP-07Q53KU" time="0.078">
  <properties/>
  <testcase name="testConvertCSVtoJSON" classname="edu.jsu.mcis.ConverterTest" time="0.031"/>
  <testcase name="testConvertJSONtoCSVtoJSON" classname="edu.jsu.mcis.ConverterTest" time="0.031"/>
  <testcase name="testConvertCSVtoJSONtoCSV" classname="edu.jsu.mcis.ConverterTest" time="0.016"/>
  <testcase name="testConvertJSONtoCSV" classname="edu.jsu.mcis.ConverterTest" time="0.0"/>
  <system-out><![CDATA[]]></system-out>
  <system-err><![CDATA[]]></system-err>
</testsuite>
